d:\projetos visual\projeto plena\plena trading platform release 2\tradescript\trunk\releaseminsize\tradescript.pch
d:\projetos visual\projeto plena\plena trading platform release 2\tradescript\trunk\releaseminsize\vc120.pdb
d:\projetos visual\projeto plena\plena trading platform release 2\tradescript\trunk\releaseminsize\stdafx.obj
d:\projetos visual\projeto plena\plena trading platform release 2\tradescript\trunk\releaseminsize\validate.obj
d:\projetos visual\projeto plena\plena trading platform release 2\tradescript\trunk\releaseminsize\tradescript.obj
d:\projetos visual\projeto plena\plena trading platform release 2\tradescript\trunk\releaseminsize\tasdk.obj
d:\projetos visual\projeto plena\plena trading platform release 2\tradescript\trunk\releaseminsize\scriptoutput.obj
d:\projetos visual\projeto plena\plena trading platform release 2\tradescript\trunk\releaseminsize\script.obj
d:\projetos visual\projeto plena\plena trading platform release 2\tradescript\trunk\releaseminsize\scanner.obj
d:\projetos visual\projeto plena\plena trading platform release 2\tradescript\trunk\releaseminsize\backteststatistics.obj
d:\projetos visual\projeto plena\plena trading platform release 2\tradescript\trunk\releaseminsize\backtest.obj
d:\projetos visual\projeto plena\plena trading platform release 2\tradescript\trunk\releaseminsize\alert.obj
d:\projetos visual\projeto plena\plena trading platform release 2\tradescript\trunk\releaseminsize\tradescript.dll
d:\projetos visual\projeto plena\plena trading platform release 2\tradescript\trunk\tradescript.tlb
d:\projetos visual\projeto plena\plena trading platform release 2\tradescript\trunk\tradescript_p.c
d:\projetos visual\projeto plena\plena trading platform release 2\tradescript\trunk\tradescript_i.c
d:\projetos visual\projeto plena\plena trading platform release 2\tradescript\trunk\tradescript.h
d:\projetos visual\projeto plena\plena trading platform release 2\tradescript\trunk\releaseminsize\tradescript.res
d:\projetos visual\projeto plena\plena trading platform release 2\tradescript\trunk\releaseminsize\tradescript.lib
d:\projetos visual\projeto plena\plena trading platform release 2\tradescript\trunk\releaseminsize\tradescript.exp
d:\projetos visual\projeto plena\plena trading platform release 2\tradescript\trunk\releaseminsize\regsvr32.trg
d:\projetos visual\projeto plena\plena trading platform release 2\tradescript\trunk\.\releaseminsize\tradescript.dll
d:\projetos visual\projeto plena\plena trading platform release 2\tradescript\trunk\releaseminsize\tradescript.tlog\cl.command.1.tlog
d:\projetos visual\projeto plena\plena trading platform release 2\tradescript\trunk\releaseminsize\tradescript.tlog\cl.read.1.tlog
d:\projetos visual\projeto plena\plena trading platform release 2\tradescript\trunk\releaseminsize\tradescript.tlog\cl.write.1.tlog
d:\projetos visual\projeto plena\plena trading platform release 2\tradescript\trunk\releaseminsize\tradescript.tlog\link.command.1.tlog
d:\projetos visual\projeto plena\plena trading platform release 2\tradescript\trunk\releaseminsize\tradescript.tlog\link.read.1.tlog
d:\projetos visual\projeto plena\plena trading platform release 2\tradescript\trunk\releaseminsize\tradescript.tlog\link.write.1.tlog
d:\projetos visual\projeto plena\plena trading platform release 2\tradescript\trunk\releaseminsize\tradescript.tlog\midl.command.1.tlog
d:\projetos visual\projeto plena\plena trading platform release 2\tradescript\trunk\releaseminsize\tradescript.tlog\midl.read.1.tlog
d:\projetos visual\projeto plena\plena trading platform release 2\tradescript\trunk\releaseminsize\tradescript.tlog\midl.write.1.tlog
d:\projetos visual\projeto plena\plena trading platform release 2\tradescript\trunk\releaseminsize\tradescript.tlog\rc.command.1.tlog
d:\projetos visual\projeto plena\plena trading platform release 2\tradescript\trunk\releaseminsize\tradescript.tlog\rc.read.1.tlog
d:\projetos visual\projeto plena\plena trading platform release 2\tradescript\trunk\releaseminsize\tradescript.tlog\rc.write.1.tlog
d:\projetos visual\projeto plena\plena trading platform release 2\tradescript\trunk\releaseminsize\tradescript.tlog\tradescript.write.1u.tlog
