Build started 22/12/2014 20:46:03.
     1>Project "D:\Projetos Visual\Projeto Plena\Plena Trading Platform Release 2\TradeScript\trunk\TradeScript.vcxproj" on node 2 (Build target(s)).
     1>ClCompile:
         C:\Program Files (x86)\Microsoft Visual Studio 12.0\VC\bin\CL.exe /c /Zi /nologo /W3 /WX- /O1 /Ob1 /Oy- /D WIN32 /D NDEBUG /D _WINDOWS /D _USRDLL /D _VC80_UPGRADE=0x0600 /D _WINDLL /D _MBCS /GF /Gm- /EHsc /MT /GS /Gy /fp:precise /Zc:wchar_t /Zc:forScope /Yu"stdafx.h" /Fp".\ReleaseMinSize/TradeScript.pch" /Fo".\ReleaseMinSize/" /Fd".\ReleaseMinSize/vc120.pdb" /Gd /TP /analyze- /errorReport:prompt Script.cpp
         Script.cpp
       Link:
         C:\Program Files (x86)\Microsoft Visual Studio 12.0\VC\bin\link.exe /ERRORREPORT:PROMPT /OUT:".\ReleaseMinSize/TradeScript.dll" /INCREMENTAL:NO /NOLOGO kernel32.lib user32.lib gdi32.lib winspool.lib comdlg32.lib advapi32.lib shell32.lib ole32.lib oleaut32.lib uuid.lib odbc32.lib odbccp32.lib /DEF:".\TradeScript.def" /MANIFEST /MANIFESTUAC:"level='asInvoker' uiAccess='false'" /manifest:embed /PDB:".\ReleaseMinSize/TradeScript.pdb" /SUBSYSTEM:WINDOWS /TLBID:1 /DYNAMICBASE:NO /IMPLIB:".\ReleaseMinSize/TradeScript.lib" /MACHINE:X86 /SAFESEH /DLL .\ReleaseMinSize\TradeScript.res
         .\ReleaseMinSize/Alert.obj
         .\ReleaseMinSize/Backtest.obj
         .\ReleaseMinSize/BackTestStatistics.obj
         .\ReleaseMinSize/Scanner.obj
         .\ReleaseMinSize/Script.obj
         .\ReleaseMinSize/ScriptOutput.obj
         .\ReleaseMinSize/StdAfx.obj
         .\ReleaseMinSize/TASDK.obj
         .\ReleaseMinSize/TradeScript.obj
         .\ReleaseMinSize/Validate.obj
            Creating library .\ReleaseMinSize/TradeScript.lib and object .\ReleaseMinSize/TradeScript.exp
         TradeScript.vcxproj -> D:\Projetos Visual\Projeto Plena\Plena Trading Platform Release 2\TradeScript\trunk\.\ReleaseMinSize\TradeScript.dll
     1>Done Building Project "D:\Projetos Visual\Projeto Plena\Plena Trading Platform Release 2\TradeScript\trunk\TradeScript.vcxproj" (Build target(s)).

Build succeeded.

Time Elapsed 00:00:24.13
